#
# There is insufficient memory for the Java Runtime Environment to continue.
# Native memory allocation (malloc) failed to allocate 103936 bytes for Chunk::new
# Possible reasons:
#   The system is out of physical RAM or swap space
#   The process is running with CompressedOops enabled, and the Java Heap may be blocking the growth of the native heap
# Possible solutions:
#   Reduce memory load on the system
#   Increase physical memory or swap space
#   Check if swap backing store is full
#   Decrease Java heap size (-Xmx/-Xms)
#   Decrease number of Java threads
#   Decrease Java thread stack sizes (-Xss)
#   Set larger code cache with -XX:ReservedCodeCacheSize=
#   JVM is running with Unscaled Compressed Oops mode in which the Java heap is
#     placed in the first 4GB address space. The Java Heap base address is the
#     maximum limit for the native heap growth. Please use -XX:HeapBaseMinAddress
#     to set the Java Heap base and to place the Java Heap above 4GB virtual address.
# This output file may be truncated or incomplete.
#
#  Out of Memory Error (arena.cpp:189), pid=19448, tid=19784
#
# JRE version: Java(TM) SE Runtime Environment (17.0.9+11) (build 17.0.9+11-LTS-201)
# Java VM: Java HotSpot(TM) 64-Bit Server VM (17.0.9+11-LTS-201, mixed mode, sharing, tiered, compressed oops, compressed class ptrs, g1 gc, windows-amd64)
# No core dump will be written. Minidumps are not enabled by default on client versions of Windows
#

---------------  S U M M A R Y ------------

Command Line: -javaagent:C:\Program Files\JetBrains\IntelliJ IDEA Community Edition 2023.2.5\lib\idea_rt.jar=57351:C:\Program Files\JetBrains\IntelliJ IDEA Community Edition 2023.2.5\bin -Dfile.encoding=UTF-8 com.gateway.ApiGatewayApplication

Host: Intel(R) Xeon(R) Gold 6132 CPU @ 2.60GHz, 2 cores, 7G,  Windows 10 , 64 bit Build 15063 (10.0.15063.1058)
Time: Thu Mar 28 14:07:22 2024 India Standard Time elapsed time: 1942.432531 seconds (0d 0h 32m 22s)

---------------  T H R E A D  ---------------

Current thread (0x000002920b1f6500):  JavaThread "C2 CompilerThread0" daemon [_thread_in_native, id=19784, stack(0x000000e4de700000,0x000000e4de800000)]


Current CompileTask:
C2:1942438 6602       4       org.apache.hc.core5.http.impl.io.SessionInputBufferImpl::readLine (271 bytes)

Stack: [0x000000e4de700000,0x000000e4de800000]
Native frames: (J=compiled Java code, j=interpreted, Vv=VM code, C=native code)
V  [jvm.dll+0x678a4a]
V  [jvm.dll+0x7d9cfd]
V  [jvm.dll+0x7db60e]
V  [jvm.dll+0x7dbc73]
V  [jvm.dll+0x245e1f]
V  [jvm.dll+0xaaafb]
V  [jvm.dll+0xab09c]
V  [jvm.dll+0x2ab7ef]
V  [jvm.dll+0x5812e5]
V  [jvm.dll+0x220c52]
V  [jvm.dll+0x22102f]
V  [jvm.dll+0x219f86]
V  [jvm.dll+0x217459]
V  [jvm.dll+0x1a3bc0]
V  [jvm.dll+0x2272de]
V  [jvm.dll+0x22548b]
V  [jvm.dll+0x78f58c]
V  [jvm.dll+0x78998a]
V  [jvm.dll+0x677875]
C  [ucrtbase.dll+0x20579]
C  [KERNEL32.DLL+0x12784]
C  [ntdll.dll+0x70d51]


---------------  P R O C E S S  ---------------

Threads class SMR info:
_java_thread_list=0x000002926fbf0100, length=37, elements={
0x000002920b1e5b10, 0x000002920b1e89a0, 0x000002920b1edbd0, 0x000002920b1f11b0,
0x000002920b1f1c80, 0x000002920b1f5760, 0x000002920b1f6500, 0x000002920b2001d0,
0x000002920b24c040, 0x000002926a0d0e80, 0x000002926a700e40, 0x000002926a6e17a0,
0x00000292707a0040, 0x00000292707a0520, 0x0000029270ef9430, 0x00000292702e96d0,
0x00000292702e87a0, 0x00000292702e8cb0, 0x00000292702e9be0, 0x0000029270b7e1a0,
0x0000029270b7c340, 0x0000029270b7e6b0, 0x0000029270b7dc90, 0x0000029270b7af00,
0x0000029270b7b410, 0x0000029270b7b920, 0x0000029270b7be30, 0x0000029270b7c850,
0x0000029270b7cd60, 0x0000029270b7d270, 0x0000029270b7d780, 0x00000292702be720,
0x00000292702bdd00, 0x00000292702bbea0, 0x00000292702c23e0, 0x00000292702bec30,
0x00000292702bf650
}

Java Threads: ( => current thread )
  0x000002920b1e5b10 JavaThread "Reference Handler" daemon [_thread_blocked, id=17484, stack(0x000000e4de100000,0x000000e4de200000)]
  0x000002920b1e89a0 JavaThread "Finalizer" daemon [_thread_blocked, id=16284, stack(0x000000e4de200000,0x000000e4de300000)]
  0x000002920b1edbd0 JavaThread "Signal Dispatcher" daemon [_thread_blocked, id=11796, stack(0x000000e4de300000,0x000000e4de400000)]
  0x000002920b1f11b0 JavaThread "Attach Listener" daemon [_thread_blocked, id=18200, stack(0x000000e4de400000,0x000000e4de500000)]
  0x000002920b1f1c80 JavaThread "Service Thread" daemon [_thread_blocked, id=7500, stack(0x000000e4de500000,0x000000e4de600000)]
  0x000002920b1f5760 JavaThread "Monitor Deflation Thread" daemon [_thread_blocked, id=19024, stack(0x000000e4de600000,0x000000e4de700000)]
=>0x000002920b1f6500 JavaThread "C2 CompilerThread0" daemon [_thread_in_native, id=19784, stack(0x000000e4de700000,0x000000e4de800000)]
  0x000002920b2001d0 JavaThread "C1 CompilerThread0" daemon [_thread_blocked, id=19732, stack(0x000000e4de800000,0x000000e4de900000)]
  0x000002920b24c040 JavaThread "Sweeper thread" daemon [_thread_blocked, id=13556, stack(0x000000e4de900000,0x000000e4dea00000)]
  0x000002926a0d0e80 JavaThread "Common-Cleaner" daemon [_thread_blocked, id=11304, stack(0x000000e4dea00000,0x000000e4deb00000)]
  0x000002926a700e40 JavaThread "Monitor Ctrl-Break" daemon [_thread_in_native, id=9904, stack(0x000000e4dec00000,0x000000e4ded00000)]
  0x000002926a6e17a0 JavaThread "Notification Thread" daemon [_thread_blocked, id=8632, stack(0x000000e4ded00000,0x000000e4dee00000)]
  0x00000292707a0040 JavaThread "Catalina-utility-1" [_thread_blocked, id=12844, stack(0x000000e4df600000,0x000000e4df700000)]
  0x00000292707a0520 JavaThread "Catalina-utility-2" [_thread_blocked, id=9052, stack(0x000000e4df700000,0x000000e4df800000)]
  0x0000029270ef9430 JavaThread "container-0" [_thread_blocked, id=5728, stack(0x000000e4df800000,0x000000e4df900000)]
  0x00000292702e96d0 JavaThread "spring.cloud.inetutils" daemon [_thread_blocked, id=4928, stack(0x000000e4df900000,0x000000e4dfa00000)]
  0x00000292702e87a0 JavaThread "HttpClient-1-SelectorManager" daemon [_thread_in_native, id=19464, stack(0x000000e4dfa00000,0x000000e4dfb00000)]
  0x00000292702e8cb0 JavaThread "AsyncResolver-bootstrap-0" daemon [_thread_blocked, id=3528, stack(0x000000e4dfb00000,0x000000e4dfc00000)]
  0x00000292702e9be0 JavaThread "DiscoveryClient-0" daemon [_thread_blocked, id=6752, stack(0x000000e4dfd00000,0x000000e4dfe00000)]
  0x0000029270b7e1a0 JavaThread "DiscoveryClient-1" daemon [_thread_blocked, id=6528, stack(0x000000e4dfe00000,0x000000e4dff00000)]
  0x0000029270b7c340 JavaThread "DiscoveryClient-InstanceInfoReplicator-0" daemon [_thread_blocked, id=14560, stack(0x000000e4dff00000,0x000000e4e0000000)]
  0x0000029270b7e6b0 JavaThread "http-nio-8083-exec-1" daemon [_thread_blocked, id=312, stack(0x000000e4e0000000,0x000000e4e0100000)]
  0x0000029270b7dc90 JavaThread "http-nio-8083-exec-2" daemon [_thread_blocked, id=14040, stack(0x000000e4e0100000,0x000000e4e0200000)]
  0x0000029270b7af00 JavaThread "http-nio-8083-exec-3" daemon [_thread_blocked, id=16744, stack(0x000000e4e0200000,0x000000e4e0300000)]
  0x0000029270b7b410 JavaThread "http-nio-8083-exec-4" daemon [_thread_blocked, id=14324, stack(0x000000e4e0300000,0x000000e4e0400000)]
  0x0000029270b7b920 JavaThread "http-nio-8083-exec-5" daemon [_thread_blocked, id=4072, stack(0x000000e4e0400000,0x000000e4e0500000)]
  0x0000029270b7be30 JavaThread "http-nio-8083-exec-6" daemon [_thread_blocked, id=18536, stack(0x000000e4e0500000,0x000000e4e0600000)]
  0x0000029270b7c850 JavaThread "http-nio-8083-exec-7" daemon [_thread_blocked, id=11980, stack(0x000000e4e0600000,0x000000e4e0700000)]
  0x0000029270b7cd60 JavaThread "http-nio-8083-exec-8" daemon [_thread_blocked, id=11148, stack(0x000000e4e0700000,0x000000e4e0800000)]
  0x0000029270b7d270 JavaThread "http-nio-8083-exec-9" daemon [_thread_blocked, id=8044, stack(0x000000e4e0800000,0x000000e4e0900000)]
  0x0000029270b7d780 JavaThread "http-nio-8083-exec-10" daemon [_thread_blocked, id=14720, stack(0x000000e4e0900000,0x000000e4e0a00000)]
  0x00000292702be720 JavaThread "http-nio-8083-Poller" daemon [_thread_in_native, id=3188, stack(0x000000e4e0a00000,0x000000e4e0b00000)]
  0x00000292702bdd00 JavaThread "http-nio-8083-Acceptor" daemon [_thread_in_native, id=15596, stack(0x000000e4e0b00000,0x000000e4e0c00000)]
  0x00000292702bbea0 JavaThread "DestroyJavaVM" [_thread_blocked, id=8112, stack(0x000000e4dda00000,0x000000e4ddb00000)]
  0x00000292702c23e0 JavaThread "DiscoveryClient-CacheRefreshExecutor-0" daemon [_thread_blocked, id=15244, stack(0x000000e4e0e00000,0x000000e4e0f00000)]
  0x00000292702bec30 JavaThread "DiscoveryClient-HeartbeatExecutor-0" daemon [_thread_blocked, id=18404, stack(0x000000e4e0f00000,0x000000e4e1000000)]
  0x00000292702bf650 JavaThread "AsyncResolver-bootstrap-executor-0" daemon [_thread_blocked, id=20040, stack(0x000000e4e1000000,0x000000e4e1100000)]

Other Threads:
  0x000002920b1dd6a0 VMThread "VM Thread" [stack: 0x000000e4de000000,0x000000e4de100000] [id=13560]
  0x00000292093ce820 WatcherThread [stack: 0x000000e4dee00000,0x000000e4def00000] [id=18656]
  0x000002920b09b200 GCTaskThread "GC Thread#0" [stack: 0x000000e4ddb00000,0x000000e4ddc00000] [id=19604]
  0x000002926a2f4270 GCTaskThread "GC Thread#1" [stack: 0x000000e4deb00000,0x000000e4dec00000] [id=21064]
  0x000002920b0ac150 ConcurrentGCThread "G1 Main Marker" [stack: 0x000000e4ddc00000,0x000000e4ddd00000] [id=11228]
  0x000002920b0acb60 ConcurrentGCThread "G1 Conc#0" [stack: 0x000000e4ddd00000,0x000000e4dde00000] [id=17928]
  0x000002920b1115e0 ConcurrentGCThread "G1 Refine#0" [stack: 0x000000e4dde00000,0x000000e4ddf00000] [id=13372]
  0x000002926f63df60 ConcurrentGCThread "G1 Refine#1" [stack: 0x000000e4df500000,0x000000e4df600000] [id=7232]
  0x000002920b112010 ConcurrentGCThread "G1 Service" [stack: 0x000000e4ddf00000,0x000000e4de000000] [id=1240]

Threads with active compile tasks:
C2 CompilerThread0  1942818 6602       4       org.apache.hc.core5.http.impl.io.SessionInputBufferImpl::readLine (271 bytes)

VM state: not at safepoint (normal execution)

VM Mutex/Monitor currently owned by a thread: None

Heap address: 0x0000000080000000, size: 2048 MB, Compressed Oops mode: 32-bit

CDS archive(s) mapped at: [0x0000029229000000-0x0000029229bd0000-0x0000029229bd0000), size 12386304, SharedBaseAddress: 0x0000029229000000, ArchiveRelocationMode: 1.
Compressed class space mapped at: 0x000002922a000000-0x000002926a000000, reserved size: 1073741824
Narrow klass base: 0x0000029229000000, Narrow klass shift: 0, Narrow klass range: 0x100000000

GC Precious Log:
 CPUs: 2 total, 2 available
 Memory: 8191M
 Large Page Support: Disabled
 NUMA Support: Disabled
 Compressed Oops: Enabled (32-bit)
 Heap Region Size: 1M
 Heap Min Capacity: 8M
 Heap Initial Capacity: 128M
 Heap Max Capacity: 2G
 Pre-touch: Disabled
 Parallel Workers: 2
 Concurrent Workers: 1
 Concurrent Refinement Workers: 2
 Periodic GC: Disabled

Heap:
 garbage-first heap   total 55296K, used 34095K [0x0000000080000000, 0x0000000100000000)
  region size 1024K, 7 young (7168K), 2 survivors (2048K)
 Metaspace       used 50247K, committed 50752K, reserved 1114112K
  class space    used 6583K, committed 6848K, reserved 1048576K

Heap Regions: E=young(eden), S=young(survivor), O=old, HS=humongous(starts), HC=humongous(continues), CS=collection set, F=free, OA=open archive, CA=closed archive, TAMS=top-at-mark-start (previous, next)
|   0|0x0000000080000000, 0x0000000080100000, 0x0000000080100000|100%|HS|  |TAMS 0x0000000080100000, 0x0000000080000000| Complete 
|   1|0x0000000080100000, 0x0000000080200000, 0x0000000080200000|100%| O|  |TAMS 0x0000000080200000, 0x0000000080100000| Untracked 
|   2|0x0000000080200000, 0x0000000080300000, 0x0000000080300000|100%| O|  |TAMS 0x0000000080300000, 0x0000000080200000| Untracked 
|   3|0x0000000080300000, 0x0000000080400000, 0x0000000080400000|100%| O|  |TAMS 0x0000000080400000, 0x0000000080300000| Untracked 
|   4|0x0000000080400000, 0x0000000080500000, 0x0000000080500000|100%| O|  |TAMS 0x0000000080500000, 0x0000000080400000| Untracked 
|   5|0x0000000080500000, 0x0000000080600000, 0x0000000080600000|100%| O|  |TAMS 0x0000000080600000, 0x0000000080500000| Untracked 
|   6|0x0000000080600000, 0x0000000080700000, 0x0000000080700000|100%| O|  |TAMS 0x0000000080700000, 0x0000000080600000| Untracked 
|   7|0x0000000080700000, 0x0000000080800000, 0x0000000080800000|100%| O|  |TAMS 0x0000000080800000, 0x0000000080700000| Untracked 
|   8|0x0000000080800000, 0x0000000080900000, 0x0000000080900000|100%| O|  |TAMS 0x0000000080900000, 0x0000000080800000| Untracked 
|   9|0x0000000080900000, 0x0000000080a00000, 0x0000000080a00000|100%| O|  |TAMS 0x0000000080a00000, 0x0000000080900000| Untracked 
|  10|0x0000000080a00000, 0x0000000080b00000, 0x0000000080b00000|100%| O|  |TAMS 0x0000000080b00000, 0x0000000080a00000| Untracked 
|  11|0x0000000080b00000, 0x0000000080c00000, 0x0000000080c00000|100%| O|  |TAMS 0x0000000080c00000, 0x0000000080b00000| Untracked 
|  12|0x0000000080c00000, 0x0000000080d00000, 0x0000000080d00000|100%| O|  |TAMS 0x0000000080d00000, 0x0000000080c00000| Untracked 
|  13|0x0000000080d00000, 0x0000000080ddbe00, 0x0000000080e00000| 85%| O|  |TAMS 0x0000000080ddbe00, 0x0000000080d00000| Untracked 
|  14|0x0000000080e00000, 0x0000000080f00000, 0x0000000080f00000|100%| O|  |TAMS 0x0000000080f00000, 0x0000000080e00000| Untracked 
|  15|0x0000000080f00000, 0x0000000081000000, 0x0000000081000000|100%| O|  |TAMS 0x0000000081000000, 0x0000000080f00000| Untracked 
|  16|0x0000000081000000, 0x0000000081100000, 0x0000000081100000|100%| O|  |TAMS 0x0000000081100000, 0x0000000081000000| Untracked 
|  17|0x0000000081100000, 0x0000000081200000, 0x0000000081200000|100%| O|  |TAMS 0x0000000081200000, 0x0000000081100000| Untracked 
|  18|0x0000000081200000, 0x0000000081300000, 0x0000000081300000|100%| O|  |TAMS 0x0000000081300000, 0x0000000081200000| Untracked 
|  19|0x0000000081300000, 0x0000000081400000, 0x0000000081400000|100%| O|  |TAMS 0x0000000081400000, 0x0000000081300000| Untracked 
|  20|0x0000000081400000, 0x0000000081500000, 0x0000000081500000|100%| O|  |TAMS 0x0000000081500000, 0x0000000081400000| Untracked 
|  21|0x0000000081500000, 0x0000000081600000, 0x0000000081600000|100%| O|  |TAMS 0x0000000081600000, 0x0000000081500000| Untracked 
|  22|0x0000000081600000, 0x0000000081700000, 0x0000000081700000|100%| O|  |TAMS 0x0000000081700000, 0x0000000081600000| Untracked 
|  23|0x0000000081700000, 0x0000000081800000, 0x0000000081800000|100%| O|  |TAMS 0x0000000081800000, 0x0000000081700000| Untracked 
|  24|0x0000000081800000, 0x0000000081900000, 0x0000000081900000|100%| O|  |TAMS 0x0000000081900000, 0x0000000081800000| Untracked 
|  25|0x0000000081900000, 0x0000000081a00000, 0x0000000081a00000|100%| O|  |TAMS 0x0000000081921800, 0x0000000081900000| Untracked 
|  26|0x0000000081a00000, 0x0000000081b00000, 0x0000000081b00000|100%| O|  |TAMS 0x0000000081a00000, 0x0000000081a00000| Untracked 
|  27|0x0000000081b00000, 0x0000000081b6fe00, 0x0000000081c00000| 43%| O|  |TAMS 0x0000000081b00000, 0x0000000081b00000| Untracked 
|  28|0x0000000081c00000, 0x0000000081c00000, 0x0000000081d00000|  0%| F|  |TAMS 0x0000000081c00000, 0x0000000081c00000| Untracked 
|  29|0x0000000081d00000, 0x0000000081d00000, 0x0000000081e00000|  0%| F|  |TAMS 0x0000000081d00000, 0x0000000081d00000| Untracked 
|  30|0x0000000081e00000, 0x0000000081e00000, 0x0000000081f00000|  0%| F|  |TAMS 0x0000000081e00000, 0x0000000081e00000| Untracked 
|  31|0x0000000081f00000, 0x0000000081f00000, 0x0000000082000000|  0%| F|  |TAMS 0x0000000081f00000, 0x0000000081f00000| Untracked 
|  32|0x0000000082000000, 0x0000000082000000, 0x0000000082100000|  0%| F|  |TAMS 0x0000000082000000, 0x0000000082000000| Untracked 
|  33|0x0000000082100000, 0x0000000082100000, 0x0000000082200000|  0%| F|  |TAMS 0x0000000082100000, 0x0000000082100000| Untracked 
|  34|0x0000000082200000, 0x0000000082200000, 0x0000000082300000|  0%| F|  |TAMS 0x0000000082200000, 0x0000000082200000| Untracked 
|  35|0x0000000082300000, 0x0000000082300000, 0x0000000082400000|  0%| F|  |TAMS 0x0000000082300000, 0x0000000082300000| Untracked 
|  36|0x0000000082400000, 0x0000000082400000, 0x0000000082500000|  0%| F|  |TAMS 0x0000000082400000, 0x0000000082400000| Untracked 
|  37|0x0000000082500000, 0x0000000082600000, 0x0000000082600000|100%| S|CS|TAMS 0x0000000082500000, 0x0000000082500000| Complete 
|  38|0x0000000082600000, 0x0000000082700000, 0x0000000082700000|100%| S|CS|TAMS 0x0000000082600000, 0x0000000082600000| Complete 
|  39|0x0000000082700000, 0x0000000082700000, 0x0000000082800000|  0%| F|  |TAMS 0x0000000082700000, 0x0000000082700000| Untracked 
|  40|0x0000000082800000, 0x0000000082800000, 0x0000000082900000|  0%| F|  |TAMS 0x0000000082800000, 0x0000000082800000| Untracked 
|  41|0x0000000082900000, 0x0000000082900000, 0x0000000082a00000|  0%| F|  |TAMS 0x0000000082900000, 0x0000000082900000| Untracked 
|  42|0x0000000082a00000, 0x0000000082a00000, 0x0000000082b00000|  0%| F|  |TAMS 0x0000000082a00000, 0x0000000082a00000| Untracked 
|  43|0x0000000082b00000, 0x0000000082b00000, 0x0000000082c00000|  0%| F|  |TAMS 0x0000000082b00000, 0x0000000082b00000| Untracked 
|  44|0x0000000082c00000, 0x0000000082c00000, 0x0000000082d00000|  0%| F|  |TAMS 0x0000000082c00000, 0x0000000082c00000| Untracked 
|  45|0x0000000082d00000, 0x0000000082d00000, 0x0000000082e00000|  0%| F|  |TAMS 0x0000000082d00000, 0x0000000082d00000| Untracked 
|  46|0x0000000082e00000, 0x0000000082e00000, 0x0000000082f00000|  0%| F|  |TAMS 0x0000000082e00000, 0x0000000082e00000| Untracked 
|  47|0x0000000082f00000, 0x0000000082f00000, 0x0000000083000000|  0%| F|  |TAMS 0x0000000082f00000, 0x0000000082f00000| Untracked 
|  48|0x0000000083000000, 0x0000000083000000, 0x0000000083100000|  0%| F|  |TAMS 0x0000000083000000, 0x0000000083000000| Untracked 
|  49|0x0000000083100000, 0x00000000831f99d0, 0x0000000083200000| 97%| E|  |TAMS 0x0000000083100000, 0x0000000083100000| Complete 
|  50|0x0000000083200000, 0x0000000083300000, 0x0000000083300000|100%| E|CS|TAMS 0x0000000083200000, 0x0000000083200000| Complete 
|  51|0x0000000083300000, 0x0000000083400000, 0x0000000083400000|100%| E|CS|TAMS 0x0000000083300000, 0x0000000083300000| Complete 
| 120|0x0000000087800000, 0x0000000087900000, 0x0000000087900000|100%| E|CS|TAMS 0x0000000087800000, 0x0000000087800000| Complete 
| 121|0x0000000087900000, 0x0000000087a00000, 0x0000000087a00000|100%| E|CS|TAMS 0x0000000087900000, 0x0000000087900000| Complete 

Card table byte_map: [0x0000029222520000,0x0000029222920000] _byte_map_base: 0x0000029222120000

Marking Bits (Prev, Next): (CMBitMap*) 0x000002920b09b860, (CMBitMap*) 0x000002920b09b820
 Prev Bits: [0x0000029224d20000, 0x0000029226d20000)
 Next Bits: [0x0000029222d20000, 0x0000029224d20000)

Polling page: 0x000002920ab80000

Metaspace:

Usage:
  Non-class:     42.64 MB used.
      Class:      6.43 MB used.
       Both:     49.07 MB used.

Virtual space:
  Non-class space:       64.00 MB reserved,      42.88 MB ( 67%) committed,  1 nodes.
      Class space:        1.00 GB reserved,       6.69 MB ( <1%) committed,  1 nodes.
             Both:        1.06 GB reserved,      49.56 MB (  5%) committed. 

Chunk freelists:
   Non-Class:  4.52 MB
       Class:  9.27 MB
        Both:  13.79 MB

MaxMetaspaceSize: unlimited
CompressedClassSpaceSize: 1.00 GB
Initial GC threshold: 21.00 MB
Current GC threshold: 77.81 MB
CDS: on
MetaspaceReclaimPolicy: balanced
 - commit_granule_bytes: 65536.
 - commit_granule_words: 8192.
 - virtual_space_node_default_size: 8388608.
 - enlarge_chunks_in_place: 1.
 - new_chunks_are_fully_committed: 0.
 - uncommit_free_chunks: 1.
 - use_allocation_guard: 0.
 - handle_deallocations: 1.


Internal statistics:

num_allocs_failed_limit: 6.
num_arena_births: 704.
num_arena_deaths: 0.
num_vsnodes_births: 2.
num_vsnodes_deaths: 0.
num_space_committed: 793.
num_space_uncommitted: 0.
num_chunks_returned_to_freelist: 6.
num_chunks_taken_from_freelist: 2508.
num_chunk_merges: 6.
num_chunk_splits: 1697.
num_chunks_enlarged: 1257.
num_inconsistent_stats: 0.

CodeHeap 'non-profiled nmethods': size=120064Kb used=3614Kb max_used=3614Kb free=116449Kb
 bounds [0x000002921abe0000, 0x000002921af70000, 0x0000029222120000]
CodeHeap 'profiled nmethods': size=120000Kb used=12006Kb max_used=12006Kb free=107993Kb
 bounds [0x0000029213120000, 0x0000029213ce0000, 0x000002921a650000]
CodeHeap 'non-nmethods': size=5696Kb used=1282Kb max_used=1360Kb free=4413Kb
 bounds [0x000002921a650000, 0x000002921a8c0000, 0x000002921abe0000]
 total_blobs=6551 nmethods=5947 adapters=516
 compilation: enabled
              stopped_count=0, restarted_count=0
 full_count=0

Compilation events (20 events):
Event: 1942.364 Thread 0x000002920b2001d0 nmethod 6597 0x0000029213cd5390 code [0x0000029213cd55e0, 0x0000029213cd63d8]
Event: 1942.364 Thread 0x000002920b2001d0 6596       3       java.util.concurrent.ConcurrentLinkedQueue::toArray (6 bytes)
Event: 1942.364 Thread 0x000002920b2001d0 nmethod 6596 0x0000029213cd6790 code [0x0000029213cd6940, 0x0000029213cd6a88]
Event: 1942.364 Thread 0x000002920b2001d0 6598       1       com.netflix.discovery.shared.Applications::getVersion (5 bytes)
Event: 1942.364 Thread 0x000002920b2001d0 nmethod 6598 0x000002921af67410 code [0x000002921af675a0, 0x000002921af67678]
Event: 1942.367 Thread 0x000002920b2001d0 6599       3       java.net.Socket$SocketInputStream::read (11 bytes)
Event: 1942.367 Thread 0x000002920b2001d0 nmethod 6599 0x0000029213cd6b10 code [0x0000029213cd6cc0, 0x0000029213cd6e88]
Event: 1942.367 Thread 0x000002920b2001d0 6600       3       sun.nio.ch.NioSocketImpl$1::read (11 bytes)
Event: 1942.367 Thread 0x000002920b2001d0 nmethod 6600 0x0000029213cd6f90 code [0x0000029213cd7140, 0x0000029213cd7288]
Event: 1942.367 Thread 0x000002920b2001d0 6601   !   3       sun.nio.ch.NioSocketImpl::read (96 bytes)
Event: 1942.367 Thread 0x000002920b2001d0 nmethod 6601 0x0000029213cd7390 code [0x0000029213cd7640, 0x0000029213cd85d8]
Event: 1942.368 Thread 0x000002920b1f6500 6602       4       org.apache.hc.core5.http.impl.io.SessionInputBufferImpl::readLine (271 bytes)
Event: 1942.368 Thread 0x000002920b2001d0 6603       3       org.apache.hc.core5.util.TimeValue::ofSeconds (8 bytes)
Event: 1942.369 Thread 0x000002920b2001d0 nmethod 6603 0x0000029213cd8b90 code [0x0000029213cd8d20, 0x0000029213cd8e48]
Event: 1942.370 Thread 0x000002920b2001d0 6604       1       com.netflix.discovery.shared.Applications::getAppsHashCode (5 bytes)
Event: 1942.370 Thread 0x000002920b2001d0 nmethod 6604 0x000002921af67710 code [0x000002921af678a0, 0x000002921af67978]
Event: 1942.370 Thread 0x000002920b2001d0 6605       3       java.util.concurrent.ConcurrentLinkedQueue::size (45 bytes)
Event: 1942.370 Thread 0x000002920b2001d0 nmethod 6605 0x0000029213cd8f10 code [0x0000029213cd90c0, 0x0000029213cd9428]
Event: 1942.370 Thread 0x000002920b2001d0 6606       3       com.netflix.discovery.shared.Applications$$Lambda$1123/0x000002922a670000::test (8 bytes)
Event: 1942.370 Thread 0x000002920b2001d0 nmethod 6606 0x0000029213cd9590 code [0x0000029213cd9740, 0x0000029213cd9a38]

GC Heap History (20 events):
Event: 8.649 GC heap before
{Heap before GC invocations=5 (full 0):
 garbage-first heap   total 131072K, used 19400K [0x0000000080000000, 0x0000000100000000)
  region size 1024K, 14 young (14336K), 8 survivors (8192K)
 Metaspace       used 21297K, committed 21504K, reserved 1114112K
  class space    used 2660K, committed 2752K, reserved 1048576K
}
Event: 8.664 GC heap after
{Heap after GC invocations=6 (full 0):
 garbage-first heap   total 131072K, used 15727K [0x0000000080000000, 0x0000000100000000)
  region size 1024K, 2 young (2048K), 2 survivors (2048K)
 Metaspace       used 21297K, committed 21504K, reserved 1114112K
  class space    used 2660K, committed 2752K, reserved 1048576K
}
Event: 10.279 GC heap before
{Heap before GC invocations=7 (full 0):
 garbage-first heap   total 55296K, used 43375K [0x0000000080000000, 0x0000000100000000)
  region size 1024K, 30 young (30720K), 2 survivors (2048K)
 Metaspace       used 24130K, committed 24384K, reserved 1114112K
  class space    used 3080K, committed 3200K, reserved 1048576K
}
Event: 10.287 GC heap after
{Heap after GC invocations=8 (full 0):
 garbage-first heap   total 55296K, used 17146K [0x0000000080000000, 0x0000000100000000)
  region size 1024K, 3 young (3072K), 3 survivors (3072K)
 Metaspace       used 24130K, committed 24384K, reserved 1114112K
  class space    used 3080K, committed 3200K, reserved 1048576K
}
Event: 12.287 GC heap before
{Heap before GC invocations=8 (full 0):
 garbage-first heap   total 55296K, used 37626K [0x0000000080000000, 0x0000000100000000)
  region size 1024K, 23 young (23552K), 3 survivors (3072K)
 Metaspace       used 27588K, committed 27968K, reserved 1114112K
  class space    used 3600K, committed 3776K, reserved 1048576K
}
Event: 12.301 GC heap after
{Heap after GC invocations=9 (full 0):
 garbage-first heap   total 55296K, used 19105K [0x0000000080000000, 0x0000000100000000)
  region size 1024K, 2 young (2048K), 2 survivors (2048K)
 Metaspace       used 27588K, committed 27968K, reserved 1114112K
  class space    used 3600K, committed 3776K, reserved 1048576K
}
Event: 13.611 GC heap before
{Heap before GC invocations=9 (full 0):
 garbage-first heap   total 55296K, used 40609K [0x0000000080000000, 0x0000000100000000)
  region size 1024K, 22 young (22528K), 2 survivors (2048K)
 Metaspace       used 31208K, committed 31680K, reserved 1114112K
  class space    used 4034K, committed 4288K, reserved 1048576K
}
Event: 13.620 GC heap after
{Heap after GC invocations=10 (full 0):
 garbage-first heap   total 55296K, used 21041K [0x0000000080000000, 0x0000000100000000)
  region size 1024K, 2 young (2048K), 2 survivors (2048K)
 Metaspace       used 31208K, committed 31680K, reserved 1114112K
  class space    used 4034K, committed 4288K, reserved 1048576K
}
Event: 15.312 GC heap before
{Heap before GC invocations=10 (full 0):
 garbage-first heap   total 55296K, used 40497K [0x0000000080000000, 0x0000000100000000)
  region size 1024K, 21 young (21504K), 2 survivors (2048K)
 Metaspace       used 34151K, committed 34624K, reserved 1114112K
  class space    used 4508K, committed 4736K, reserved 1048576K
}
Event: 15.322 GC heap after
{Heap after GC invocations=11 (full 0):
 garbage-first heap   total 55296K, used 22710K [0x0000000080000000, 0x0000000100000000)
  region size 1024K, 2 young (2048K), 2 survivors (2048K)
 Metaspace       used 34151K, committed 34624K, reserved 1114112K
  class space    used 4508K, committed 4736K, reserved 1048576K
}
Event: 15.850 GC heap before
{Heap before GC invocations=11 (full 0):
 garbage-first heap   total 55296K, used 36022K [0x0000000080000000, 0x0000000100000000)
  region size 1024K, 16 young (16384K), 2 survivors (2048K)
 Metaspace       used 35594K, committed 35968K, reserved 1114112K
  class space    used 4731K, committed 4928K, reserved 1048576K
}
Event: 15.856 GC heap after
{Heap after GC invocations=12 (full 0):
 garbage-first heap   total 55296K, used 23732K [0x0000000080000000, 0x0000000100000000)
  region size 1024K, 1 young (1024K), 1 survivors (1024K)
 Metaspace       used 35594K, committed 35968K, reserved 1114112K
  class space    used 4731K, committed 4928K, reserved 1048576K
}
Event: 18.716 GC heap before
{Heap before GC invocations=13 (full 0):
 garbage-first heap   total 55296K, used 42164K [0x0000000080000000, 0x0000000100000000)
  region size 1024K, 19 young (19456K), 1 survivors (1024K)
 Metaspace       used 41109K, committed 41600K, reserved 1114112K
  class space    used 5405K, committed 5632K, reserved 1048576K
}
Event: 18.723 GC heap after
{Heap after GC invocations=14 (full 0):
 garbage-first heap   total 55296K, used 25780K [0x0000000080000000, 0x0000000100000000)
  region size 1024K, 3 young (3072K), 3 survivors (3072K)
 Metaspace       used 41109K, committed 41600K, reserved 1114112K
  class space    used 5405K, committed 5632K, reserved 1048576K
}
Event: 19.930 GC heap before
{Heap before GC invocations=14 (full 0):
 garbage-first heap   total 55296K, used 42164K [0x0000000080000000, 0x0000000100000000)
  region size 1024K, 19 young (19456K), 3 survivors (3072K)
 Metaspace       used 44325K, committed 44864K, reserved 1114112K
  class space    used 5881K, committed 6144K, reserved 1048576K
}
Event: 19.940 GC heap after
{Heap after GC invocations=15 (full 0):
 garbage-first heap   total 55296K, used 28147K [0x0000000080000000, 0x0000000100000000)
  region size 1024K, 3 young (3072K), 3 survivors (3072K)
 Metaspace       used 44325K, committed 44864K, reserved 1114112K
  class space    used 5881K, committed 6144K, reserved 1048576K
}
Event: 20.553 GC heap before
{Heap before GC invocations=15 (full 0):
 garbage-first heap   total 55296K, used 41459K [0x0000000080000000, 0x0000000100000000)
  region size 1024K, 16 young (16384K), 3 survivors (3072K)
 Metaspace       used 47348K, committed 47808K, reserved 1114112K
  class space    used 6292K, committed 6528K, reserved 1048576K
}
Event: 20.560 GC heap after
{Heap after GC invocations=16 (full 0):
 garbage-first heap   total 55296K, used 29198K [0x0000000080000000, 0x0000000100000000)
  region size 1024K, 2 young (2048K), 2 survivors (2048K)
 Metaspace       used 47348K, committed 47808K, reserved 1114112K
  class space    used 6292K, committed 6528K, reserved 1048576K
}
Event: 770.969 GC heap before
{Heap before GC invocations=17 (full 0):
 garbage-first heap   total 55296K, used 41486K [0x0000000080000000, 0x0000000100000000)
  region size 1024K, 15 young (15360K), 2 survivors (2048K)
 Metaspace       used 50011K, committed 50496K, reserved 1114112K
  class space    used 6582K, committed 6848K, reserved 1048576K
}
Event: 771.406 GC heap after
{Heap after GC invocations=18 (full 0):
 garbage-first heap   total 55296K, used 29999K [0x0000000080000000, 0x0000000100000000)
  region size 1024K, 2 young (2048K), 2 survivors (2048K)
 Metaspace       used 50011K, committed 50496K, reserved 1114112K
  class space    used 6582K, committed 6848K, reserved 1048576K
}

Deoptimization events (20 events):
Event: 20.719 Thread 0x0000029270b7c340 DEOPT PACKING pc=0x000002921ad73b48 sp=0x000000e4dfffd3f0
Event: 20.719 Thread 0x0000029270b7c340 DEOPT UNPACKING pc=0x000002921a6a23a3 sp=0x000000e4dfffd378 mode 2
Event: 50.509 Thread 0x00000292702c23e0 Uncommon trap: trap_request=0xffffffde fr.pc=0x000002921ace8564 relative=0x0000000000001d04
Event: 50.509 Thread 0x00000292702c23e0 Uncommon trap: reason=class_check action=maybe_recompile pc=0x000002921ace8564 method=java.util.zip.InflaterInputStream.read([BII)I @ 100 c2
Event: 50.509 Thread 0x00000292702c23e0 DEOPT PACKING pc=0x000002921ace8564 sp=0x000000e4e0efe4a0
Event: 50.509 Thread 0x00000292702c23e0 DEOPT UNPACKING pc=0x000002921a6a23a3 sp=0x000000e4e0efe4f0 mode 2
Event: 50.509 Thread 0x00000292702c23e0 Uncommon trap: trap_request=0xffffffde fr.pc=0x000002921ace8564 relative=0x0000000000001d04
Event: 50.509 Thread 0x00000292702c23e0 Uncommon trap: reason=class_check action=maybe_recompile pc=0x000002921ace8564 method=java.util.zip.InflaterInputStream.read([BII)I @ 100 c2
Event: 50.509 Thread 0x00000292702c23e0 DEOPT PACKING pc=0x000002921ace8564 sp=0x000000e4e0efd240
Event: 50.509 Thread 0x00000292702c23e0 DEOPT UNPACKING pc=0x000002921a6a23a3 sp=0x000000e4e0efd290 mode 2
Event: 99.929 Thread 0x0000029270b7dc90 DEOPT PACKING pc=0x00000292131ff829 sp=0x000000e4e01fda10
Event: 99.929 Thread 0x0000029270b7dc90 DEOPT UNPACKING pc=0x000002921a6a2b43 sp=0x000000e4e01fce38 mode 0
Event: 99.937 Thread 0x0000029270b7dc90 Uncommon trap: trap_request=0xffffff45 fr.pc=0x000002921acd3268 relative=0x0000000000001348
Event: 99.937 Thread 0x0000029270b7dc90 Uncommon trap: reason=unstable_if action=reinterpret pc=0x000002921acd3268 method=java.util.concurrent.ConcurrentHashMap.putVal(Ljava/lang/Object;Ljava/lang/Object;Z)Ljava/lang/Object; @ 97 c2
Event: 99.937 Thread 0x0000029270b7dc90 DEOPT PACKING pc=0x000002921acd3268 sp=0x000000e4e01fe700
Event: 99.937 Thread 0x0000029270b7dc90 DEOPT UNPACKING pc=0x000002921a6a23a3 sp=0x000000e4e01fe688 mode 2
Event: 100.188 Thread 0x0000029270b7dc90 Uncommon trap: trap_request=0xffffff45 fr.pc=0x000002921ae62ee0 relative=0x0000000000000060
Event: 100.188 Thread 0x0000029270b7dc90 Uncommon trap: reason=unstable_if action=reinterpret pc=0x000002921ae62ee0 method=java.lang.Class.componentType()Ljava/lang/Class; @ 4 c2
Event: 100.188 Thread 0x0000029270b7dc90 DEOPT PACKING pc=0x000002921ae62ee0 sp=0x000000e4e01fd9a0
Event: 100.188 Thread 0x0000029270b7dc90 DEOPT UNPACKING pc=0x000002921a6a23a3 sp=0x000000e4e01fd930 mode 2

Classes unloaded (0 events):
No events

Classes redefined (0 events):
No events

Internal exceptions (20 events):
Event: 15.535 Thread 0x000002920b93e540 Exception <a 'java/lang/NoSuchMethodError'{0x00000000830ff6c8}: 'java.lang.Object java.lang.invoke.DirectMethodHandle$Holder.newInvokeSpecial(java.lang.Object, java.lang.Object, java.lang.Object, java.lang.Object, java.lang.Object, java.lang.Object, java.lang.Object, java.lang.Object, java.lang.Object)'> (0x00000000830ff6c8) 
thrown [s\open\src\hotspot\share\interpreter\linkResolver.cpp, line 759]
Event: 15.535 Thread 0x000002920b93e540 Exception <a 'java/lang/NoSuchMethodError'{0x0000000082f04878}: 'java.lang.Object java.lang.invoke.Invokers$Holder.linkToTargetMethod(java.lang.Object, java.lang.Object, java.lang.Object, java.lang.Object, java.lang.Object, java.lang.Object, java.lang.Object, java.lang.Object, java.lang.Object)'> (0x0000000082f04878) 
thrown [s\open\src\hotspot\share\interpreter\linkResolver.cpp, line 759]
Event: 16.194 Thread 0x000002920b93e540 Exception <a 'java/lang/NoSuchMethodError'{0x0000000083242d48}: 'double java.lang.invoke.DirectMethodHandle$Holder.invokeStatic(java.lang.Object, java.lang.Object)'> (0x0000000083242d48) 
thrown [s\open\src\hotspot\share\interpreter\linkResolver.cpp, line 759]
Event: 16.196 Thread 0x000002920b93e540 Exception <a 'java/lang/NoSuchMethodError'{0x0000000083254878}: 'int java.lang.invoke.DirectMethodHandle$Holder.invokeStatic(java.lang.Object, java.lang.Object, java.lang.Object, java.lang.Object, java.lang.Object)'> (0x0000000083254878) 
thrown [s\open\src\hotspot\share\interpreter\linkResolver.cpp, line 759]
Event: 16.385 Thread 0x000002920b93e540 Exception <a 'java/lang/NoSuchMethodError'{0x0000000082fe9758}: 'java.lang.Object java.lang.invoke.DirectMethodHandle$Holder.invokeStaticInit(java.lang.Object, java.lang.Object, int)'> (0x0000000082fe9758) 
thrown [s\open\src\hotspot\share\interpreter\linkResolver.cpp, line 759]
Event: 16.617 Thread 0x000002920b93e540 Exception <a 'sun/nio/fs/WindowsException'{0x0000000082e348b0}> (0x0000000082e348b0) 
thrown [s\open\src\hotspot\share\prims\jni.cpp, line 516]
Event: 18.566 Thread 0x000002920b93e540 Exception <a 'java/lang/IncompatibleClassChangeError'{0x000000008265d300}: Found class java.lang.Object, but interface was expected> (0x000000008265d300) 
thrown [s\open\src\hotspot\share\interpreter\linkResolver.cpp, line 826]
Event: 18.834 Thread 0x000002926a6e17a0 Exception <a 'java/lang/NoSuchMethodError'{0x000000008791fcf0}: 'long java.lang.invoke.DirectMethodHandle$Holder.invokeStatic(java.lang.Object, java.lang.Object, java.lang.Object)'> (0x000000008791fcf0) 
thrown [s\open\src\hotspot\share\interpreter\linkResolver.cpp, line 759]
Event: 19.084 Thread 0x000002920b93e540 Exception <a 'java/lang/NoSuchMethodError'{0x0000000082cdee20}: 'void java.lang.invoke.DirectMethodHandle$Holder.invokeStatic(java.lang.Object, java.lang.Object, double)'> (0x0000000082cdee20) 
thrown [s\open\src\hotspot\share\interpreter\linkResolver.cpp, line 759]
Event: 19.195 Thread 0x000002920b93e540 Exception <a 'java/lang/NoSuchMethodError'{0x0000000082b39d70}: 'double java.lang.invoke.DirectMethodHandle$Holder.invokeStatic(java.lang.Object, java.lang.Object, java.lang.Object)'> (0x0000000082b39d70) 
thrown [s\open\src\hotspot\share\interpreter\linkResolver.cpp, line 759]
Event: 19.214 Thread 0x000002920b93e540 Exception <a 'java/lang/NoSuchMethodError'{0x0000000082bad3d0}: 'java.lang.Object java.lang.invoke.DirectMethodHandle$Holder.newInvokeSpecial(java.lang.Object, java.lang.Object, int, java.lang.Object, java.lang.Object)'> (0x0000000082bad3d0) 
thrown [s\open\src\hotspot\share\interpreter\linkResolver.cpp, line 759]
Event: 19.215 Thread 0x000002920b93e540 Exception <a 'java/lang/NoSuchMethodError'{0x0000000082bb8a48}: 'java.lang.Object java.lang.invoke.DirectMethodHandle$Holder.invokeSpecial(java.lang.Object, java.lang.Object, int, java.lang.Object, int, java.lang.Object)'> (0x0000000082bb8a48) 
thrown [s\open\src\hotspot\share\interpreter\linkResolver.cpp, line 759]
Event: 19.215 Thread 0x000002920b93e540 Exception <a 'java/lang/NoSuchMethodError'{0x0000000082bc0850}: 'java.lang.Object java.lang.invoke.DirectMethodHandle$Holder.newInvokeSpecial(java.lang.Object, java.lang.Object, int, java.lang.Object, int)'> (0x0000000082bc0850) 
thrown [s\open\src\hotspot\share\interpreter\linkResolver.cpp, line 759]
Event: 19.215 Thread 0x000002920b93e540 Exception <a 'java/lang/NoSuchMethodError'{0x0000000082bc4950}: 'java.lang.Object java.lang.invoke.DirectMethodHandle$Holder.invokeSpecial(java.lang.Object, java.lang.Object, java.lang.Object, int, java.lang.Object, int)'> (0x0000000082bc4950) 
thrown [s\open\src\hotspot\share\interpreter\linkResolver.cpp, line 759]
Event: 19.729 Thread 0x000002920b93e540 Exception <a 'java/lang/IncompatibleClassChangeError'{0x000000008280e6d0}: Found class java.lang.Object, but interface was expected> (0x000000008280e6d0) 
thrown [s\open\src\hotspot\share\interpreter\linkResolver.cpp, line 826]
Event: 19.813 Thread 0x000002920b93e540 Implicit null exception at 0x000002921adb500e to 0x000002921adb5840
Event: 20.603 Thread 0x000002920b93e540 Implicit null exception at 0x000002921ad5afd7 to 0x000002921ad5b220
Event: 99.946 Thread 0x0000029270b7e6b0 Exception <a 'java/lang/NoSuchMethodError'{0x00000000830ff078}: 'java.lang.Object java.lang.invoke.DirectMethodHandle$Holder.invokeSpecial(java.lang.Object, java.lang.Object, java.lang.Object, java.lang.Object, java.lang.Object, long)'> (0x00000000830ff078) 
thrown [s\open\src\hotspot\share\interpreter\linkResolver.cpp, line 759]
Event: 99.946 Thread 0x0000029270b7e6b0 Exception <a 'java/lang/NoSuchMethodError'{0x0000000082f02fb8}: 'java.lang.Object java.lang.invoke.Invokers$Holder.linkToTargetMethod(java.lang.Object, java.lang.Object, java.lang.Object, long, java.lang.Object)'> (0x0000000082f02fb8) 
thrown [s\open\src\hotspot\share\interpreter\linkResolver.cpp, line 759]
Event: 100.127 Thread 0x0000029270b7dc90 Exception <a 'java/lang/NoSuchMethodError'{0x0000000082d98af0}: 'java.lang.Object java.lang.invoke.DirectMethodHandle$Holder.invokeStatic(java.lang.Object, int, int)'> (0x0000000082d98af0) 
thrown [s\open\src\hotspot\share\interpreter\linkResolver.cpp, line 759]

VM Operations (20 events):
Event: 1432.848 Executing VM operation: Cleanup
Event: 1432.848 Executing VM operation: Cleanup done
Event: 1462.875 Executing VM operation: Cleanup
Event: 1462.875 Executing VM operation: Cleanup done
Event: 1491.893 Executing VM operation: Cleanup
Event: 1491.893 Executing VM operation: Cleanup done
Event: 1552.922 Executing VM operation: Cleanup
Event: 1552.922 Executing VM operation: Cleanup done
Event: 1671.980 Executing VM operation: Cleanup
Event: 1671.980 Executing VM operation: Cleanup done
Event: 1672.980 Executing VM operation: Cleanup
Event: 1672.980 Executing VM operation: Cleanup done
Event: 1702.994 Executing VM operation: Cleanup
Event: 1702.994 Executing VM operation: Cleanup done
Event: 1768.035 Executing VM operation: Cleanup
Event: 1768.035 Executing VM operation: Cleanup done
Event: 1852.072 Executing VM operation: Cleanup
Event: 1852.072 Executing VM operation: Cleanup done
Event: 1942.106 Executing VM operation: Cleanup
Event: 1942.106 Executing VM operation: Cleanup done

Events (20 events):
Event: 99.881 loading class sun/nio/ch/SelectionKeyImpl done
Event: 99.881 loading class java/lang/invoke/ConstantBootstraps
Event: 99.882 loading class java/lang/invoke/ConstantBootstraps done
Event: 100.074 loading class java/util/concurrent/ArrayBlockingQueue
Event: 100.086 loading class java/util/concurrent/ArrayBlockingQueue done
Event: 100.086 loading class java/util/concurrent/ArrayBlockingQueue$Itr
Event: 100.087 loading class java/util/concurrent/ArrayBlockingQueue$Itr done
Event: 100.128 loading class java/util/ArrayList$SubList$2
Event: 100.128 loading class java/util/ArrayList$SubList$2 done
Event: 100.148 loading class java/util/ArrayDeque$DescendingIterator
Event: 100.150 loading class java/util/ArrayDeque$DescendingIterator done
Event: 100.164 loading class java/util/stream/ReduceOps$7
Event: 100.165 loading class java/util/stream/ReduceOps$7 done
Event: 100.165 loading class java/util/stream/ReduceOps$6ReducingSink
Event: 100.165 loading class java/util/stream/ReduceOps$6ReducingSink done
Event: 100.228 loading class java/io/ObjectOutputStream
Event: 100.229 loading class java/io/ObjectOutput
Event: 100.230 loading class java/io/ObjectOutput done
Event: 100.230 loading class java/io/ObjectOutputStream done
Event: 319.944 Thread 0x00000292702bf650 Thread added: 0x00000292702bf650


Dynamic libraries:
0x00007ff71aa10000 - 0x00007ff71aa20000 	C:\jdk-17_windows-x64_bin\jdk-17.0.9\bin\java.exe
0x00007ffb632a0000 - 0x00007ffb6347b000 	C:\WINDOWS\SYSTEM32\ntdll.dll
0x00007ffb60860000 - 0x00007ffb6090e000 	C:\WINDOWS\System32\KERNEL32.DLL
0x00007ffb5fac0000 - 0x00007ffb5fd09000 	C:\WINDOWS\System32\KERNELBASE.dll
0x00000000569b0000 - 0x0000000056a4e000 	C:\ProgramData\Symantec\Symantec Endpoint Protection\14.3.9681.7000.105\Data\Sysfer\x64\sysfer.dll
0x00007ffb5f9c0000 - 0x00007ffb5fab6000 	C:\WINDOWS\System32\ucrtbase.dll
0x00007ffb48b10000 - 0x00007ffb48b29000 	C:\jdk-17_windows-x64_bin\jdk-17.0.9\bin\jli.dll
0x00007ffb60dc0000 - 0x00007ffb60e61000 	C:\WINDOWS\System32\ADVAPI32.dll
0x00007ffb613e0000 - 0x00007ffb6147d000 	C:\WINDOWS\System32\msvcrt.dll
0x00007ffb61480000 - 0x00007ffb614d9000 	C:\WINDOWS\System32\sechost.dll
0x00007ffb60a60000 - 0x00007ffb60b85000 	C:\WINDOWS\System32\RPCRT4.dll
0x00007ffb60910000 - 0x00007ffb60a5a000 	C:\WINDOWS\System32\USER32.dll
0x00007ffb44f00000 - 0x00007ffb44f1b000 	C:\jdk-17_windows-x64_bin\jdk-17.0.9\bin\VCRUNTIME140.dll
0x00007ffb5fea0000 - 0x00007ffb5febe000 	C:\WINDOWS\System32\win32u.dll
0x00007ffb60ba0000 - 0x00007ffb60bc7000 	C:\WINDOWS\System32\GDI32.dll
0x00007ffb5fd10000 - 0x00007ffb5fe97000 	C:\WINDOWS\System32\gdi32full.dll
0x00007ffb5dcd0000 - 0x00007ffb5df37000 	C:\WINDOWS\WinSxS\amd64_microsoft.windows.common-controls_6595b64144ccf1df_6.0.15063.1058_none_40c74ded29a7bebd\COMCTL32.dll
0x00007ffb5f870000 - 0x00007ffb5f90a000 	C:\WINDOWS\System32\msvcp_win.dll
0x00007ffb62b60000 - 0x00007ffb62e59000 	C:\WINDOWS\System32\combase.dll
0x00007ffb60790000 - 0x00007ffb607fa000 	C:\WINDOWS\System32\bcryptPrimitives.dll
0x00007ffb5f390000 - 0x00007ffb5f39a000 	C:\WINDOWS\SYSTEM32\VERSION.dll
0x00007ffb614e0000 - 0x00007ffb6150d000 	C:\WINDOWS\System32\IMM32.DLL
0x000002920ab90000 - 0x000002920aba4000 	C:\WINDOWS\System32\umppc18110.dll
0x00007ffb5f580000 - 0x00007ffb5f5dd000 	C:\Program Files\Citrix\System32\MfApHook64.dll
0x00007ffb5ef30000 - 0x00007ffb5ef5b000 	C:\Program Files\Citrix\ICAService\CtxDodHook64.dll
0x00007ffb5f4a0000 - 0x00007ffb5f4d2000 	C:\Program Files\Citrix\ICAService\picaFullScreenHookX64.dll
0x00007ffb5eee0000 - 0x00007ffb5ef2e000 	C:\Program Files\Citrix\ICAService\ShellHook64.dll
0x00007ffb61510000 - 0x00007ffb62948000 	C:\WINDOWS\System32\SHELL32.dll
0x00007ffb5f910000 - 0x00007ffb5f959000 	C:\WINDOWS\System32\cfgmgr32.dll
0x00007ffb61030000 - 0x00007ffb610da000 	C:\WINDOWS\System32\shcore.dll
0x00007ffb60090000 - 0x00007ffb60781000 	C:\WINDOWS\System32\windows.storage.dll
0x00007ffb60800000 - 0x00007ffb60851000 	C:\WINDOWS\System32\shlwapi.dll
0x00007ffb5f730000 - 0x00007ffb5f741000 	C:\WINDOWS\System32\kernel.appcore.dll
0x00007ffb5f750000 - 0x00007ffb5f79c000 	C:\WINDOWS\System32\powrprof.dll
0x00007ffb5f7a0000 - 0x00007ffb5f7b5000 	C:\WINDOWS\System32\profapi.dll
0x00007ffb5ed40000 - 0x00007ffb5eebe000 	C:\Program Files\Citrix\ICAService\SCardHook64.dll
0x00007ffb5eca0000 - 0x00007ffb5ecca000 	C:\Program Files\Citrix\ICAService\cxinjime64.dll
0x00007ffb5ec50000 - 0x00007ffb5ec99000 	C:\Program Files\Citrix\ICAService\PicaWtsHook64.dll
0x00007ffb5bca0000 - 0x00007ffb5bcac000 	C:\jdk-17_windows-x64_bin\jdk-17.0.9\bin\vcruntime140_1.dll
0x00007ffb37f00000 - 0x00007ffb37f8e000 	C:\jdk-17_windows-x64_bin\jdk-17.0.9\bin\msvcp140.dll
0x00007ffb154f0000 - 0x00007ffb160d1000 	C:\jdk-17_windows-x64_bin\jdk-17.0.9\bin\server\jvm.dll
0x00007ffb62b50000 - 0x00007ffb62b58000 	C:\WINDOWS\System32\PSAPI.DLL
0x00007ffb4ed70000 - 0x00007ffb4ed79000 	C:\WINDOWS\SYSTEM32\WSOCK32.dll
0x00007ffb60f30000 - 0x00007ffb60f9c000 	C:\WINDOWS\System32\WS2_32.dll
0x00007ffb5cb50000 - 0x00007ffb5cb73000 	C:\WINDOWS\SYSTEM32\WINMM.dll
0x00007ffb5ca70000 - 0x00007ffb5ca9b000 	C:\WINDOWS\SYSTEM32\WINMMBASE.dll
0x00007ffb5bb60000 - 0x00007ffb5bb6a000 	C:\jdk-17_windows-x64_bin\jdk-17.0.9\bin\jimage.dll
0x00007ffb4f8c0000 - 0x00007ffb4fa69000 	C:\WINDOWS\SYSTEM32\DBGHELP.DLL
0x00007ffb4f890000 - 0x00007ffb4f8b9000 	C:\WINDOWS\SYSTEM32\dbgcore.DLL
0x00007ffb56ad0000 - 0x00007ffb56ade000 	C:\jdk-17_windows-x64_bin\jdk-17.0.9\bin\instrument.dll
0x00007ffb42230000 - 0x00007ffb42255000 	C:\jdk-17_windows-x64_bin\jdk-17.0.9\bin\java.dll
0x00007ffb30e90000 - 0x00007ffb30f67000 	C:\jdk-17_windows-x64_bin\jdk-17.0.9\bin\jsvml.dll
0x00007ffb3f390000 - 0x00007ffb3f3a8000 	C:\jdk-17_windows-x64_bin\jdk-17.0.9\bin\zip.dll
0x00007ffb3f230000 - 0x00007ffb3f249000 	C:\jdk-17_windows-x64_bin\jdk-17.0.9\bin\net.dll
0x00007ffb57d60000 - 0x00007ffb57e36000 	C:\WINDOWS\SYSTEM32\WINHTTP.dll
0x00007ffb5e6e0000 - 0x00007ffb5e73c000 	C:\WINDOWS\system32\mswsock.dll
0x00007ffb3e3a0000 - 0x00007ffb3e3b6000 	C:\jdk-17_windows-x64_bin\jdk-17.0.9\bin\nio.dll
0x00007ffb477d0000 - 0x00007ffb477ea000 	C:\Program Files\JetBrains\IntelliJ IDEA Community Edition 2023.2.5\bin\breakgen64.dll
0x00007ffb5e490000 - 0x00007ffb5e4c7000 	C:\WINDOWS\SYSTEM32\IPHLPAPI.DLL
0x00007ffb60b90000 - 0x00007ffb60b98000 	C:\WINDOWS\System32\NSI.dll
0x00007ffb57d40000 - 0x00007ffb57d56000 	C:\WINDOWS\SYSTEM32\dhcpcsvc6.DLL
0x00007ffb57d20000 - 0x00007ffb57d3a000 	C:\WINDOWS\SYSTEM32\dhcpcsvc.DLL
0x00007ffb5e4d0000 - 0x00007ffb5e574000 	C:\WINDOWS\SYSTEM32\DNSAPI.dll
0x00007ffb55db0000 - 0x00007ffb55dba000 	C:\Windows\System32\rasadhlp.dll
0x00007ffb58170000 - 0x00007ffb581db000 	C:\WINDOWS\System32\fwpuclnt.dll
0x00007ffb5f5e0000 - 0x00007ffb5f605000 	C:\WINDOWS\SYSTEM32\bcrypt.dll
0x00007ffb56ac0000 - 0x00007ffb56ace000 	C:\jdk-17_windows-x64_bin\jdk-17.0.9\bin\sunmscapi.dll
0x00007ffb5fec0000 - 0x00007ffb60089000 	C:\WINDOWS\System32\CRYPT32.dll
0x00007ffb5f710000 - 0x00007ffb5f721000 	C:\WINDOWS\System32\MSASN1.dll
0x00007ffb5e970000 - 0x00007ffb5e995000 	C:\WINDOWS\SYSTEM32\ncrypt.dll
0x00007ffb5e930000 - 0x00007ffb5e966000 	C:\WINDOWS\SYSTEM32\NTASN1.dll
0x00007ffb5e880000 - 0x00007ffb5e897000 	C:\WINDOWS\SYSTEM32\CRYPTSP.dll
0x00007ffb5e320000 - 0x00007ffb5e354000 	C:\WINDOWS\system32\rsaenh.dll
0x00007ffb5f640000 - 0x00007ffb5f669000 	C:\WINDOWS\SYSTEM32\USERENV.dll
0x00007ffb5e8a0000 - 0x00007ffb5e8ab000 	C:\WINDOWS\SYSTEM32\CRYPTBASE.dll
0x00007ffb55390000 - 0x00007ffb5539a000 	C:\jdk-17_windows-x64_bin\jdk-17.0.9\bin\management.dll
0x00007ffb552c0000 - 0x00007ffb552cb000 	C:\jdk-17_windows-x64_bin\jdk-17.0.9\bin\management_ext.dll
0x00007ffb56800000 - 0x00007ffb56810000 	C:\jdk-17_windows-x64_bin\jdk-17.0.9\bin\verify.dll

dbghelp: loaded successfully - version: 4.0.5 - missing functions: none
symbol engine: initialized successfully - sym options: 0x614 - pdb path: .;C:\jdk-17_windows-x64_bin\jdk-17.0.9\bin;C:\WINDOWS\SYSTEM32;C:\ProgramData\Symantec\Symantec Endpoint Protection\14.3.9681.7000.105\Data\Sysfer\x64;C:\WINDOWS\WinSxS\amd64_microsoft.windows.common-controls_6595b64144ccf1df_6.0.15063.1058_none_40c74ded29a7bebd;C:\Program Files\Citrix\System32;C:\Program Files\Citrix\ICAService;C:\jdk-17_windows-x64_bin\jdk-17.0.9\bin\server;C:\Program Files\JetBrains\IntelliJ IDEA Community Edition 2023.2.5\bin

VM Arguments:
jvm_args: -javaagent:C:\Program Files\JetBrains\IntelliJ IDEA Community Edition 2023.2.5\lib\idea_rt.jar=57351:C:\Program Files\JetBrains\IntelliJ IDEA Community Edition 2023.2.5\bin -Dfile.encoding=UTF-8 
java_command: com.gateway.ApiGatewayApplication
java_class_path (initial): C:\Users\PO31036\Downloads\ApiGateway\ApiGateway\target\classes;C:\Users\PO31036\.m2\repository\org\springframework\boot\spring-boot-starter-actuator\3.2.3\spring-boot-starter-actuator-3.2.3.jar;C:\Users\PO31036\.m2\repository\org\springframework\boot\spring-boot-starter\3.2.3\spring-boot-starter-3.2.3.jar;C:\Users\PO31036\.m2\repository\org\springframework\boot\spring-boot\3.2.3\spring-boot-3.2.3.jar;C:\Users\PO31036\.m2\repository\org\springframework\spring-context\6.1.4\spring-context-6.1.4.jar;C:\Users\PO31036\.m2\repository\org\springframework\boot\spring-boot-autoconfigure\3.2.3\spring-boot-autoconfigure-3.2.3.jar;C:\Users\PO31036\.m2\repository\org\springframework\boot\spring-boot-starter-logging\3.2.3\spring-boot-starter-logging-3.2.3.jar;C:\Users\PO31036\.m2\repository\ch\qos\logback\logback-classic\1.4.14\logback-classic-1.4.14.jar;C:\Users\PO31036\.m2\repository\ch\qos\logback\logback-core\1.4.14\logback-core-1.4.14.jar;C:\Users\PO31036\.m2\repository\org\apache\logging\log4j\log4j-to-slf4j\2.21.1\log4j-to-slf4j-2.21.1.jar;C:\Users\PO31036\.m2\repository\org\apache\logging\log4j\log4j-api\2.21.1\log4j-api-2.21.1.jar;C:\Users\PO31036\.m2\repository\org\slf4j\jul-to-slf4j\2.0.12\jul-to-slf4j-2.0.12.jar;C:\Users\PO31036\.m2\repository\jakarta\annotation\jakarta.annotation-api\2.1.1\jakarta.annotation-api-2.1.1.jar;C:\Users\PO31036\.m2\repository\org\yaml\snakeyaml\2.2\snakeyaml-2.2.jar;C:\Users\PO31036\.m2\repository\org\springframework\boot\spring-boot-actuator-autoconfigure\3.2.3\spring-boot-actuator-autoconfigure-3.2.3.jar;C:\Users\PO31036\.m2\repository\org\springframework\boot\spring-boot-actuator\3.2.3\spring-boot-actuator-3.2.3.jar;C:\Users\PO31036\.m2\repository\com\fasterxml\jackson\core\jackson-databind\2.15.4\jackson-databind-2.15.4.jar;C:\Users\PO31036\.m2\repository\com\fasterxml\jackson\datatype\jackson-datatype-jsr310\2.15.4\jackson-datatype-jsr310-2.15.4.jar;C:\Users\PO31036\.m2\repository\io\micrometer\micrometer
Launcher Type: SUN_STANDARD

[Global flags]
     intx CICompilerCount                          = 2                                         {product} {ergonomic}
     uint ConcGCThreads                            = 1                                         {product} {ergonomic}
     uint G1ConcRefinementThreads                  = 2                                         {product} {ergonomic}
   size_t G1HeapRegionSize                         = 1048576                                   {product} {ergonomic}
    uintx GCDrainStackTargetSize                   = 64                                        {product} {ergonomic}
   size_t InitialHeapSize                          = 134217728                                 {product} {ergonomic}
   size_t MarkStackSize                            = 4194304                                   {product} {ergonomic}
   size_t MaxHeapSize                              = 2147483648                                {product} {ergonomic}
   size_t MaxNewSize                               = 1287651328                                {product} {ergonomic}
   size_t MinHeapDeltaBytes                        = 1048576                                   {product} {ergonomic}
   size_t MinHeapSize                              = 8388608                                   {product} {ergonomic}
    uintx NonNMethodCodeHeapSize                   = 5826188                                {pd product} {ergonomic}
    uintx NonProfiledCodeHeapSize                  = 122916026                              {pd product} {ergonomic}
    uintx ProfiledCodeHeapSize                     = 122916026                              {pd product} {ergonomic}
    uintx ReservedCodeCacheSize                    = 251658240                              {pd product} {ergonomic}
     bool SegmentedCodeCache                       = true                                      {product} {ergonomic}
   size_t SoftMaxHeapSize                          = 2147483648                             {manageable} {ergonomic}
     bool UseCompressedClassPointers               = true                           {product lp64_product} {ergonomic}
     bool UseCompressedOops                        = true                           {product lp64_product} {ergonomic}
     bool UseG1GC                                  = true                                      {product} {ergonomic}
     bool UseLargePagesIndividualAllocation        = false                                  {pd product} {ergonomic}

Logging:
Log output configuration:
 #0: stdout all=warning uptime,level,tags
 #1: stderr all=off uptime,level,tags

Environment Variables:
JAVA_HOME=C:\jdk-17_windows-x64_bin\jdk-17.0.9
CLASSPATH=C:\mysql-connector-j-8.2.0.jar;.;
PATH=C:\jdk-17_windows-x64_bin\jdk-17.0.9\bin;C:\Program Files\gradle-8.1.1\bin;C:\ProgramData\Oracle\Java\javapath;C:\WINDOWS\system32;C:\WINDOWS;C:\WINDOWS\System32\Wbem;C:\WINDOWS\System32\WindowsPowerShell\v1.0\;C:\Program Files\Citrix\System32\;C:\Program Files\Citrix\ICAService\;C:\Program Files\Microsoft SQL Server\150\Tools\Binn\;C:\Program Files\Git\cmd;C:\Users\PO31036\Downloads\apache-maven-3.9.6-bin\apache-maven-3.9.6\bin;C:\jdk-17_windows-x64_bin\jdk-17.0.9\bin
USERNAME=PO31036
OS=Windows_NT
PROCESSOR_IDENTIFIER=Intel64 Family 6 Model 85 Stepping 4, GenuineIntel



---------------  S Y S T E M  ---------------

OS:
 Windows 10 , 64 bit Build 15063 (10.0.15063.1058)
OS uptime: 29 days 5:11 hours
VMWare virtualization detected

CPU: total 2 (initial active 2) (2 cores per cpu, 1 threads per core) family 6 model 85 stepping 4 microcode 0x2006e05, cx8, cmov, fxsr, mmx, 3dnowpref, sse, sse2, sse3, ssse3, sse4.1, sse4.2, popcnt, lzcnt, tsc, tscinvbit, avx, avx2, aes, erms, clmul, bmi1, bmi2, adx, fma, vzeroupper, clflush, hv

Memory: 4k page, system-wide physical 8191M (320M free)
TotalPageFile size 16383M (AvailPageFile size 0M)
current process WorkingSet (physical memory assigned to process): 167M, peak: 214M
current process commit charge ("private bytes"): 212M, peak: 261M

vm_info: Java HotSpot(TM) 64-Bit Server VM (17.0.9+11-LTS-201) for windows-amd64 JRE (17.0.9+11-LTS-201), built on Oct 10 2023 23:16:06 by "mach5one" with MS VC++ 17.1 (VS2022)

END.
